[0.088s] DEBUG:colcon:Command line arguments: ['/usr/bin/colcon', 'build']
[0.088s] DEBUG:colcon:Parsed command line arguments: Namespace(log_base=None, log_level=None, verb_name='build', build_base='build', install_base='install', merge_install=False, symlink_install=False, test_result_base=None, continue_on_error=False, executor='parallel', parallel_workers=8, event_handlers=None, ignore_user_meta=False, metas=['./colcon.meta'], base_paths=['.'], packages_ignore=None, packages_ignore_regex=None, paths=None, packages_up_to=None, packages_up_to_regex=None, packages_above=None, packages_above_and_dependencies=None, packages_above_depth=None, packages_select_by_dep=None, packages_skip_by_dep=None, packages_skip_up_to=None, packages_select_build_failed=False, packages_skip_build_finished=False, packages_select_test_failures=False, packages_skip_test_passed=False, packages_select=None, packages_skip=None, packages_select_regex=None, packages_skip_regex=None, packages_start=None, packages_end=None, allow_overriding=[], cmake_args=None, cmake_target=None, cmake_target_skip_unavailable=False, cmake_clean_cache=False, cmake_clean_first=False, cmake_force_configure=False, ament_cmake_args=None, catkin_cmake_args=None, catkin_skip_building_tests=False, mixin_files=None, mixin=None, verb_parser=<colcon_mixin.mixin.mixin_argument.MixinArgumentDecorator object at 0x75f5d5db51f0>, verb_extension=<colcon_core.verb.build.BuildVerb object at 0x75f5d5db4e60>, main=<bound method BuildVerb.main of <colcon_core.verb.build.BuildVerb object at 0x75f5d5db4e60>>, mixin_verb=('build',))
[0.116s] Level 1:colcon.colcon_core.package_discovery:discover_packages(colcon_meta) check parameters
[0.116s] Level 1:colcon.colcon_core.package_discovery:discover_packages(recursive) check parameters
[0.116s] Level 1:colcon.colcon_core.package_discovery:discover_packages(ignore) check parameters
[0.116s] Level 1:colcon.colcon_core.package_discovery:discover_packages(path) check parameters
[0.117s] Level 1:colcon.colcon_core.package_discovery:discover_packages(colcon_meta) discover
[0.117s] Level 1:colcon.colcon_core.package_discovery:discover_packages(recursive) discover
[0.117s] INFO:colcon.colcon_core.package_discovery:Crawling recursively for packages in '/home/youssef_negm_24/Desktop/ELSA2/ws'
[0.117s] Level 1:colcon.colcon_core.package_identification:_identify(.) by extensions ['ignore', 'ignore_ament_install']
[0.117s] Level 1:colcon.colcon_core.package_identification:_identify(.) by extension 'ignore'
[0.117s] Level 1:colcon.colcon_core.package_identification:_identify(.) by extension 'ignore_ament_install'
[0.117s] Level 1:colcon.colcon_core.package_identification:_identify(.) by extensions ['colcon_pkg']
[0.117s] Level 1:colcon.colcon_core.package_identification:_identify(.) by extension 'colcon_pkg'
[0.117s] Level 1:colcon.colcon_core.package_identification:_identify(.) by extensions ['colcon_meta']
[0.117s] Level 1:colcon.colcon_core.package_identification:_identify(.) by extension 'colcon_meta'
[0.117s] Level 1:colcon.colcon_core.package_identification:_identify(.) by extensions ['ros']
[0.117s] Level 1:colcon.colcon_core.package_identification:_identify(.) by extension 'ros'
[0.137s] Level 1:colcon.colcon_core.package_identification:_identify(.) by extensions ['cmake', 'python']
[0.137s] Level 1:colcon.colcon_core.package_identification:_identify(.) by extension 'cmake'
[0.137s] Level 1:colcon.colcon_core.package_identification:_identify(.) by extension 'python'
[0.137s] Level 1:colcon.colcon_core.package_identification:_identify(.) by extensions ['python_setup_py']
[0.137s] Level 1:colcon.colcon_core.package_identification:_identify(.) by extension 'python_setup_py'
[0.137s] Level 1:colcon.colcon_core.package_identification:_identify(build) by extensions ['ignore', 'ignore_ament_install']
[0.137s] Level 1:colcon.colcon_core.package_identification:_identify(build) by extension 'ignore'
[0.137s] Level 1:colcon.colcon_core.package_identification:_identify(build) ignored
[0.137s] Level 1:colcon.colcon_core.package_identification:_identify(install) by extensions ['ignore', 'ignore_ament_install']
[0.137s] Level 1:colcon.colcon_core.package_identification:_identify(install) by extension 'ignore'
[0.137s] Level 1:colcon.colcon_core.package_identification:_identify(install) ignored
[0.137s] Level 1:colcon.colcon_core.package_identification:_identify(log) by extensions ['ignore', 'ignore_ament_install']
[0.138s] Level 1:colcon.colcon_core.package_identification:_identify(log) by extension 'ignore'
[0.138s] Level 1:colcon.colcon_core.package_identification:_identify(log) ignored
[0.138s] Level 1:colcon.colcon_core.package_identification:_identify(src) by extensions ['ignore', 'ignore_ament_install']
[0.138s] Level 1:colcon.colcon_core.package_identification:_identify(src) by extension 'ignore'
[0.138s] Level 1:colcon.colcon_core.package_identification:_identify(src) by extension 'ignore_ament_install'
[0.138s] Level 1:colcon.colcon_core.package_identification:_identify(src) by extensions ['colcon_pkg']
[0.138s] Level 1:colcon.colcon_core.package_identification:_identify(src) by extension 'colcon_pkg'
[0.138s] Level 1:colcon.colcon_core.package_identification:_identify(src) by extensions ['colcon_meta']
[0.138s] Level 1:colcon.colcon_core.package_identification:_identify(src) by extension 'colcon_meta'
[0.138s] Level 1:colcon.colcon_core.package_identification:_identify(src) by extensions ['ros']
[0.138s] Level 1:colcon.colcon_core.package_identification:_identify(src) by extension 'ros'
[0.138s] Level 1:colcon.colcon_core.package_identification:_identify(src) by extensions ['cmake', 'python']
[0.138s] Level 1:colcon.colcon_core.package_identification:_identify(src) by extension 'cmake'
[0.138s] Level 1:colcon.colcon_core.package_identification:_identify(src) by extension 'python'
[0.138s] Level 1:colcon.colcon_core.package_identification:_identify(src) by extensions ['python_setup_py']
[0.138s] Level 1:colcon.colcon_core.package_identification:_identify(src) by extension 'python_setup_py'
[0.138s] Level 1:colcon.colcon_core.package_identification:_identify(src/micro-ros-agent) by extensions ['ignore', 'ignore_ament_install']
[0.138s] Level 1:colcon.colcon_core.package_identification:_identify(src/micro-ros-agent) by extension 'ignore'
[0.138s] Level 1:colcon.colcon_core.package_identification:_identify(src/micro-ros-agent) by extension 'ignore_ament_install'
[0.138s] Level 1:colcon.colcon_core.package_identification:_identify(src/micro-ros-agent) by extensions ['colcon_pkg']
[0.138s] Level 1:colcon.colcon_core.package_identification:_identify(src/micro-ros-agent) by extension 'colcon_pkg'
[0.138s] Level 1:colcon.colcon_core.package_identification:_identify(src/micro-ros-agent) by extensions ['colcon_meta']
[0.138s] Level 1:colcon.colcon_core.package_identification:_identify(src/micro-ros-agent) by extension 'colcon_meta'
[0.138s] Level 1:colcon.colcon_core.package_identification:_identify(src/micro-ros-agent) by extensions ['ros']
[0.138s] Level 1:colcon.colcon_core.package_identification:_identify(src/micro-ros-agent) by extension 'ros'
[0.138s] Level 1:colcon.colcon_core.package_identification:_identify(src/micro-ros-agent) by extensions ['cmake', 'python']
[0.138s] Level 1:colcon.colcon_core.package_identification:_identify(src/micro-ros-agent) by extension 'cmake'
[0.138s] Level 1:colcon.colcon_core.package_identification:_identify(src/micro-ros-agent) by extension 'python'
[0.138s] Level 1:colcon.colcon_core.package_identification:_identify(src/micro-ros-agent) by extensions ['python_setup_py']
[0.138s] Level 1:colcon.colcon_core.package_identification:_identify(src/micro-ros-agent) by extension 'python_setup_py'
[0.139s] Level 1:colcon.colcon_core.package_identification:_identify(src/micro-ros-agent/micro_ros_agent) by extensions ['ignore', 'ignore_ament_install']
[0.139s] Level 1:colcon.colcon_core.package_identification:_identify(src/micro-ros-agent/micro_ros_agent) by extension 'ignore'
[0.139s] Level 1:colcon.colcon_core.package_identification:_identify(src/micro-ros-agent/micro_ros_agent) by extension 'ignore_ament_install'
[0.139s] Level 1:colcon.colcon_core.package_identification:_identify(src/micro-ros-agent/micro_ros_agent) by extensions ['colcon_pkg']
[0.139s] Level 1:colcon.colcon_core.package_identification:_identify(src/micro-ros-agent/micro_ros_agent) by extension 'colcon_pkg'
[0.139s] Level 1:colcon.colcon_core.package_identification:_identify(src/micro-ros-agent/micro_ros_agent) by extensions ['colcon_meta']
[0.139s] Level 1:colcon.colcon_core.package_identification:_identify(src/micro-ros-agent/micro_ros_agent) by extension 'colcon_meta'
[0.139s] Level 1:colcon.colcon_core.package_identification:_identify(src/micro-ros-agent/micro_ros_agent) by extensions ['ros']
[0.139s] Level 1:colcon.colcon_core.package_identification:_identify(src/micro-ros-agent/micro_ros_agent) by extension 'ros'
[0.141s] DEBUG:colcon.colcon_core.package_identification:Package 'src/micro-ros-agent/micro_ros_agent' with type 'ros.ament_cmake' and name 'micro_ros_agent'
[0.141s] Level 1:colcon.colcon_core.package_identification:_identify(src/micro-ros-agent/snap) by extensions ['ignore', 'ignore_ament_install']
[0.141s] Level 1:colcon.colcon_core.package_identification:_identify(src/micro-ros-agent/snap) by extension 'ignore'
[0.141s] Level 1:colcon.colcon_core.package_identification:_identify(src/micro-ros-agent/snap) by extension 'ignore_ament_install'
[0.141s] Level 1:colcon.colcon_core.package_identification:_identify(src/micro-ros-agent/snap) by extensions ['colcon_pkg']
[0.141s] Level 1:colcon.colcon_core.package_identification:_identify(src/micro-ros-agent/snap) by extension 'colcon_pkg'
[0.141s] Level 1:colcon.colcon_core.package_identification:_identify(src/micro-ros-agent/snap) by extensions ['colcon_meta']
[0.141s] Level 1:colcon.colcon_core.package_identification:_identify(src/micro-ros-agent/snap) by extension 'colcon_meta'
[0.141s] Level 1:colcon.colcon_core.package_identification:_identify(src/micro-ros-agent/snap) by extensions ['ros']
[0.141s] Level 1:colcon.colcon_core.package_identification:_identify(src/micro-ros-agent/snap) by extension 'ros'
[0.141s] Level 1:colcon.colcon_core.package_identification:_identify(src/micro-ros-agent/snap) by extensions ['cmake', 'python']
[0.141s] Level 1:colcon.colcon_core.package_identification:_identify(src/micro-ros-agent/snap) by extension 'cmake'
[0.141s] Level 1:colcon.colcon_core.package_identification:_identify(src/micro-ros-agent/snap) by extension 'python'
[0.141s] Level 1:colcon.colcon_core.package_identification:_identify(src/micro-ros-agent/snap) by extensions ['python_setup_py']
[0.141s] Level 1:colcon.colcon_core.package_identification:_identify(src/micro-ros-agent/snap) by extension 'python_setup_py'
[0.141s] Level 1:colcon.colcon_core.package_identification:_identify(src/micro-ros-agent/snap/hooks) by extensions ['ignore', 'ignore_ament_install']
[0.141s] Level 1:colcon.colcon_core.package_identification:_identify(src/micro-ros-agent/snap/hooks) by extension 'ignore'
[0.141s] Level 1:colcon.colcon_core.package_identification:_identify(src/micro-ros-agent/snap/hooks) by extension 'ignore_ament_install'
[0.142s] Level 1:colcon.colcon_core.package_identification:_identify(src/micro-ros-agent/snap/hooks) by extensions ['colcon_pkg']
[0.142s] Level 1:colcon.colcon_core.package_identification:_identify(src/micro-ros-agent/snap/hooks) by extension 'colcon_pkg'
[0.142s] Level 1:colcon.colcon_core.package_identification:_identify(src/micro-ros-agent/snap/hooks) by extensions ['colcon_meta']
[0.142s] Level 1:colcon.colcon_core.package_identification:_identify(src/micro-ros-agent/snap/hooks) by extension 'colcon_meta'
[0.142s] Level 1:colcon.colcon_core.package_identification:_identify(src/micro-ros-agent/snap/hooks) by extensions ['ros']
[0.142s] Level 1:colcon.colcon_core.package_identification:_identify(src/micro-ros-agent/snap/hooks) by extension 'ros'
[0.142s] Level 1:colcon.colcon_core.package_identification:_identify(src/micro-ros-agent/snap/hooks) by extensions ['cmake', 'python']
[0.142s] Level 1:colcon.colcon_core.package_identification:_identify(src/micro-ros-agent/snap/hooks) by extension 'cmake'
[0.142s] Level 1:colcon.colcon_core.package_identification:_identify(src/micro-ros-agent/snap/hooks) by extension 'python'
[0.142s] Level 1:colcon.colcon_core.package_identification:_identify(src/micro-ros-agent/snap/hooks) by extensions ['python_setup_py']
[0.142s] Level 1:colcon.colcon_core.package_identification:_identify(src/micro-ros-agent/snap/hooks) by extension 'python_setup_py'
[0.142s] Level 1:colcon.colcon_core.package_identification:_identify(src/micro-ros-agent/snap/local) by extensions ['ignore', 'ignore_ament_install']
[0.142s] Level 1:colcon.colcon_core.package_identification:_identify(src/micro-ros-agent/snap/local) by extension 'ignore'
[0.142s] Level 1:colcon.colcon_core.package_identification:_identify(src/micro-ros-agent/snap/local) by extension 'ignore_ament_install'
[0.142s] Level 1:colcon.colcon_core.package_identification:_identify(src/micro-ros-agent/snap/local) by extensions ['colcon_pkg']
[0.142s] Level 1:colcon.colcon_core.package_identification:_identify(src/micro-ros-agent/snap/local) by extension 'colcon_pkg'
[0.142s] Level 1:colcon.colcon_core.package_identification:_identify(src/micro-ros-agent/snap/local) by extensions ['colcon_meta']
[0.142s] Level 1:colcon.colcon_core.package_identification:_identify(src/micro-ros-agent/snap/local) by extension 'colcon_meta'
[0.142s] Level 1:colcon.colcon_core.package_identification:_identify(src/micro-ros-agent/snap/local) by extensions ['ros']
[0.142s] Level 1:colcon.colcon_core.package_identification:_identify(src/micro-ros-agent/snap/local) by extension 'ros'
[0.142s] Level 1:colcon.colcon_core.package_identification:_identify(src/micro-ros-agent/snap/local) by extensions ['cmake', 'python']
[0.142s] Level 1:colcon.colcon_core.package_identification:_identify(src/micro-ros-agent/snap/local) by extension 'cmake'
[0.142s] Level 1:colcon.colcon_core.package_identification:_identify(src/micro-ros-agent/snap/local) by extension 'python'
[0.142s] Level 1:colcon.colcon_core.package_identification:_identify(src/micro-ros-agent/snap/local) by extensions ['python_setup_py']
[0.142s] Level 1:colcon.colcon_core.package_identification:_identify(src/micro-ros-agent/snap/local) by extension 'python_setup_py'
[0.142s] Level 1:colcon.colcon_core.package_discovery:discover_packages(recursive) using defaults
[0.142s] Level 1:colcon.colcon_core.package_discovery:discover_packages(ignore) discover
[0.142s] Level 1:colcon.colcon_core.package_discovery:discover_packages(ignore) using defaults
[0.142s] Level 1:colcon.colcon_core.package_discovery:discover_packages(path) discover
[0.142s] Level 1:colcon.colcon_core.package_discovery:discover_packages(path) using defaults
[0.155s] Level 1:colcon.colcon_core.package_discovery:discover_packages(prefix_path) check parameters
[0.155s] Level 1:colcon.colcon_core.package_discovery:discover_packages(prefix_path) discover
[0.156s] DEBUG:colcon.colcon_installed_package_information.package_discovery:Found 1 installed packages in /home/youssef_negm_24/Desktop/ELSA2/ws/install
[0.157s] DEBUG:colcon.colcon_installed_package_information.package_discovery:Found 1 installed packages in /home/youssef_negm_24/Desktop/ELSA/ws/install
[0.158s] DEBUG:colcon.colcon_installed_package_information.package_discovery:Found 501 installed packages in /opt/ros/jazzy
[0.160s] Level 1:colcon.colcon_core.package_discovery:discover_packages(prefix_path) using defaults
[0.204s] Level 5:colcon.colcon_core.verb:set package 'micro_ros_agent' build argument 'cmake_args' from command line to 'None'
[0.204s] Level 5:colcon.colcon_core.verb:set package 'micro_ros_agent' build argument 'cmake_target' from command line to 'None'
[0.204s] Level 5:colcon.colcon_core.verb:set package 'micro_ros_agent' build argument 'cmake_target_skip_unavailable' from command line to 'False'
[0.204s] Level 5:colcon.colcon_core.verb:set package 'micro_ros_agent' build argument 'cmake_clean_cache' from command line to 'False'
[0.204s] Level 5:colcon.colcon_core.verb:set package 'micro_ros_agent' build argument 'cmake_clean_first' from command line to 'False'
[0.204s] Level 5:colcon.colcon_core.verb:set package 'micro_ros_agent' build argument 'cmake_force_configure' from command line to 'False'
[0.204s] Level 5:colcon.colcon_core.verb:set package 'micro_ros_agent' build argument 'ament_cmake_args' from command line to 'None'
[0.204s] Level 5:colcon.colcon_core.verb:set package 'micro_ros_agent' build argument 'catkin_cmake_args' from command line to 'None'
[0.204s] Level 5:colcon.colcon_core.verb:set package 'micro_ros_agent' build argument 'catkin_skip_building_tests' from command line to 'False'
[0.204s] DEBUG:colcon.colcon_core.verb:Building package 'micro_ros_agent' with the following arguments: {'ament_cmake_args': None, 'build_base': '/home/youssef_negm_24/Desktop/ELSA2/ws/build/micro_ros_agent', 'catkin_cmake_args': None, 'catkin_skip_building_tests': False, 'cmake_args': None, 'cmake_clean_cache': False, 'cmake_clean_first': False, 'cmake_force_configure': False, 'cmake_target': None, 'cmake_target_skip_unavailable': False, 'install_base': '/home/youssef_negm_24/Desktop/ELSA2/ws/install/micro_ros_agent', 'merge_install': False, 'path': '/home/youssef_negm_24/Desktop/ELSA2/ws/src/micro-ros-agent/micro_ros_agent', 'symlink_install': False, 'test_result_base': None}
[0.204s] INFO:colcon.colcon_core.executor:Executing jobs using 'parallel' executor
[0.205s] DEBUG:colcon.colcon_parallel_executor.executor.parallel:run_until_complete
[0.205s] INFO:colcon.colcon_ros.task.ament_cmake.build:Building ROS package in '/home/youssef_negm_24/Desktop/ELSA2/ws/src/micro-ros-agent/micro_ros_agent' with build type 'ament_cmake'
[0.205s] INFO:colcon.colcon_cmake.task.cmake.build:Building CMake package in '/home/youssef_negm_24/Desktop/ELSA2/ws/src/micro-ros-agent/micro_ros_agent'
[0.207s] INFO:colcon.colcon_core.plugin_system:Skipping extension 'colcon_core.shell.bat': Not used on non-Windows systems
[0.207s] INFO:colcon.colcon_core.shell:Skip shell extension 'powershell' for command environment: Not usable outside of PowerShell
[0.207s] DEBUG:colcon.colcon_core.shell:Skip shell extension 'dsv' for command environment
[0.215s] DEBUG:colcon.colcon_core.event_handler.log_command:Invoking command in '/home/youssef_negm_24/Desktop/ELSA2/ws/build/micro_ros_agent': CMAKE_PREFIX_PATH=${CMAKE_PREFIX_PATH}:/opt/ros/jazzy DEBUGINFOD_URLS=https://debuginfod.ubuntu.com /usr/bin/cmake --build /home/youssef_negm_24/Desktop/ELSA2/ws/build/micro_ros_agent -- -j8 -l8
[41.407s] DEBUG:colcon.colcon_core.event_handler.log_command:Invoked command in '/home/youssef_negm_24/Desktop/ELSA2/ws/build/micro_ros_agent' returned '0': CMAKE_PREFIX_PATH=${CMAKE_PREFIX_PATH}:/opt/ros/jazzy DEBUGINFOD_URLS=https://debuginfod.ubuntu.com /usr/bin/cmake --build /home/youssef_negm_24/Desktop/ELSA2/ws/build/micro_ros_agent -- -j8 -l8
[41.415s] DEBUG:colcon.colcon_core.event_handler.log_command:Invoking command in '/home/youssef_negm_24/Desktop/ELSA2/ws/build/micro_ros_agent': CMAKE_PREFIX_PATH=${CMAKE_PREFIX_PATH}:/opt/ros/jazzy DEBUGINFOD_URLS=https://debuginfod.ubuntu.com /usr/bin/cmake --install /home/youssef_negm_24/Desktop/ELSA2/ws/build/micro_ros_agent
[41.424s] Level 1:colcon.colcon_core.environment:create_environment_scripts_only(micro_ros_agent)
[41.425s] DEBUG:colcon.colcon_core.event_handler.log_command:Invoked command in '/home/youssef_negm_24/Desktop/ELSA2/ws/build/micro_ros_agent' returned '0': CMAKE_PREFIX_PATH=${CMAKE_PREFIX_PATH}:/opt/ros/jazzy DEBUGINFOD_URLS=https://debuginfod.ubuntu.com /usr/bin/cmake --install /home/youssef_negm_24/Desktop/ELSA2/ws/build/micro_ros_agent
[41.426s] Level 1:colcon.colcon_core.environment:checking '/home/youssef_negm_24/Desktop/ELSA2/ws/install/micro_ros_agent' for CMake module files
[41.427s] Level 1:colcon.colcon_core.environment:checking '/home/youssef_negm_24/Desktop/ELSA2/ws/install/micro_ros_agent' for CMake config files
[41.427s] Level 1:colcon.colcon_core.shell:create_environment_hook('micro_ros_agent', 'cmake_prefix_path')
[41.428s] INFO:colcon.colcon_core.shell:Creating environment hook '/home/youssef_negm_24/Desktop/ELSA2/ws/install/micro_ros_agent/share/micro_ros_agent/hook/cmake_prefix_path.ps1'
[41.428s] INFO:colcon.colcon_core.shell:Creating environment descriptor '/home/youssef_negm_24/Desktop/ELSA2/ws/install/micro_ros_agent/share/micro_ros_agent/hook/cmake_prefix_path.dsv'
[41.429s] INFO:colcon.colcon_core.shell:Creating environment hook '/home/youssef_negm_24/Desktop/ELSA2/ws/install/micro_ros_agent/share/micro_ros_agent/hook/cmake_prefix_path.sh'
[41.430s] Level 1:colcon.colcon_core.environment:checking '/home/youssef_negm_24/Desktop/ELSA2/ws/install/micro_ros_agent/lib'
[41.430s] Level 1:colcon.colcon_core.shell:create_environment_hook('micro_ros_agent', 'ld_library_path_lib')
[41.430s] INFO:colcon.colcon_core.shell:Creating environment hook '/home/youssef_negm_24/Desktop/ELSA2/ws/install/micro_ros_agent/share/micro_ros_agent/hook/ld_library_path_lib.ps1'
[41.430s] INFO:colcon.colcon_core.shell:Creating environment descriptor '/home/youssef_negm_24/Desktop/ELSA2/ws/install/micro_ros_agent/share/micro_ros_agent/hook/ld_library_path_lib.dsv'
[41.431s] INFO:colcon.colcon_core.shell:Creating environment hook '/home/youssef_negm_24/Desktop/ELSA2/ws/install/micro_ros_agent/share/micro_ros_agent/hook/ld_library_path_lib.sh'
[41.431s] Level 1:colcon.colcon_core.environment:checking '/home/youssef_negm_24/Desktop/ELSA2/ws/install/micro_ros_agent/bin'
[41.431s] Level 1:colcon.colcon_core.environment:checking '/home/youssef_negm_24/Desktop/ELSA2/ws/install/micro_ros_agent/lib/pkgconfig/micro_ros_agent.pc'
[41.431s] Level 1:colcon.colcon_core.environment:checking '/home/youssef_negm_24/Desktop/ELSA2/ws/install/micro_ros_agent/lib/python3.12/site-packages'
[41.431s] Level 1:colcon.colcon_core.environment:checking '/home/youssef_negm_24/Desktop/ELSA2/ws/install/micro_ros_agent/bin'
[41.432s] INFO:colcon.colcon_core.shell:Creating package script '/home/youssef_negm_24/Desktop/ELSA2/ws/install/micro_ros_agent/share/micro_ros_agent/package.ps1'
[41.433s] INFO:colcon.colcon_core.shell:Creating package descriptor '/home/youssef_negm_24/Desktop/ELSA2/ws/install/micro_ros_agent/share/micro_ros_agent/package.dsv'
[41.433s] INFO:colcon.colcon_core.shell:Creating package script '/home/youssef_negm_24/Desktop/ELSA2/ws/install/micro_ros_agent/share/micro_ros_agent/package.sh'
[41.434s] INFO:colcon.colcon_core.shell:Creating package script '/home/youssef_negm_24/Desktop/ELSA2/ws/install/micro_ros_agent/share/micro_ros_agent/package.bash'
[41.435s] INFO:colcon.colcon_core.shell:Creating package script '/home/youssef_negm_24/Desktop/ELSA2/ws/install/micro_ros_agent/share/micro_ros_agent/package.zsh'
[41.435s] Level 1:colcon.colcon_core.environment:create_file_with_runtime_dependencies(/home/youssef_negm_24/Desktop/ELSA2/ws/install/micro_ros_agent/share/colcon-core/packages/micro_ros_agent)
[41.436s] Level 1:colcon.colcon_core.environment:create_environment_scripts_only(micro_ros_agent)
[41.436s] Level 1:colcon.colcon_core.environment:checking '/home/youssef_negm_24/Desktop/ELSA2/ws/install/micro_ros_agent' for CMake module files
[41.436s] Level 1:colcon.colcon_core.environment:checking '/home/youssef_negm_24/Desktop/ELSA2/ws/install/micro_ros_agent' for CMake config files
[41.438s] Level 1:colcon.colcon_core.shell:create_environment_hook('micro_ros_agent', 'cmake_prefix_path')
[41.438s] INFO:colcon.colcon_core.shell:Creating environment hook '/home/youssef_negm_24/Desktop/ELSA2/ws/install/micro_ros_agent/share/micro_ros_agent/hook/cmake_prefix_path.ps1'
[41.438s] INFO:colcon.colcon_core.shell:Creating environment descriptor '/home/youssef_negm_24/Desktop/ELSA2/ws/install/micro_ros_agent/share/micro_ros_agent/hook/cmake_prefix_path.dsv'
[41.438s] INFO:colcon.colcon_core.shell:Creating environment hook '/home/youssef_negm_24/Desktop/ELSA2/ws/install/micro_ros_agent/share/micro_ros_agent/hook/cmake_prefix_path.sh'
[41.439s] Level 1:colcon.colcon_core.environment:checking '/home/youssef_negm_24/Desktop/ELSA2/ws/install/micro_ros_agent/lib'
[41.439s] Level 1:colcon.colcon_core.shell:create_environment_hook('micro_ros_agent', 'ld_library_path_lib')
[41.439s] INFO:colcon.colcon_core.shell:Creating environment hook '/home/youssef_negm_24/Desktop/ELSA2/ws/install/micro_ros_agent/share/micro_ros_agent/hook/ld_library_path_lib.ps1'
[41.439s] INFO:colcon.colcon_core.shell:Creating environment descriptor '/home/youssef_negm_24/Desktop/ELSA2/ws/install/micro_ros_agent/share/micro_ros_agent/hook/ld_library_path_lib.dsv'
[41.440s] INFO:colcon.colcon_core.shell:Creating environment hook '/home/youssef_negm_24/Desktop/ELSA2/ws/install/micro_ros_agent/share/micro_ros_agent/hook/ld_library_path_lib.sh'
[41.440s] Level 1:colcon.colcon_core.environment:checking '/home/youssef_negm_24/Desktop/ELSA2/ws/install/micro_ros_agent/bin'
[41.440s] Level 1:colcon.colcon_core.environment:checking '/home/youssef_negm_24/Desktop/ELSA2/ws/install/micro_ros_agent/lib/pkgconfig/micro_ros_agent.pc'
[41.440s] Level 1:colcon.colcon_core.environment:checking '/home/youssef_negm_24/Desktop/ELSA2/ws/install/micro_ros_agent/lib/python3.12/site-packages'
[41.441s] Level 1:colcon.colcon_core.environment:checking '/home/youssef_negm_24/Desktop/ELSA2/ws/install/micro_ros_agent/bin'
[41.441s] INFO:colcon.colcon_core.shell:Creating package script '/home/youssef_negm_24/Desktop/ELSA2/ws/install/micro_ros_agent/share/micro_ros_agent/package.ps1'
[41.454s] INFO:colcon.colcon_core.shell:Creating package descriptor '/home/youssef_negm_24/Desktop/ELSA2/ws/install/micro_ros_agent/share/micro_ros_agent/package.dsv'
[41.454s] INFO:colcon.colcon_core.shell:Creating package script '/home/youssef_negm_24/Desktop/ELSA2/ws/install/micro_ros_agent/share/micro_ros_agent/package.sh'
[41.454s] INFO:colcon.colcon_core.shell:Creating package script '/home/youssef_negm_24/Desktop/ELSA2/ws/install/micro_ros_agent/share/micro_ros_agent/package.bash'
[41.455s] INFO:colcon.colcon_core.shell:Creating package script '/home/youssef_negm_24/Desktop/ELSA2/ws/install/micro_ros_agent/share/micro_ros_agent/package.zsh'
[41.455s] Level 1:colcon.colcon_core.environment:create_file_with_runtime_dependencies(/home/youssef_negm_24/Desktop/ELSA2/ws/install/micro_ros_agent/share/colcon-core/packages/micro_ros_agent)
[41.455s] DEBUG:colcon.colcon_parallel_executor.executor.parallel:closing loop
[41.455s] DEBUG:colcon.colcon_parallel_executor.executor.parallel:loop closed
[41.456s] DEBUG:colcon.colcon_parallel_executor.executor.parallel:run_until_complete finished with '0'
[41.456s] DEBUG:colcon.colcon_core.event_reactor:joining thread
[41.459s] INFO:colcon.colcon_core.plugin_system:Skipping extension 'colcon_notification.desktop_notification.terminal_notifier': Not used on non-Darwin systems
[41.459s] INFO:colcon.colcon_core.plugin_system:Skipping extension 'colcon_notification.desktop_notification.win32': Not used on non-Windows systems
[41.459s] INFO:colcon.colcon_notification.desktop_notification:Sending desktop notification using 'notify2'
[41.470s] DEBUG:colcon.colcon_core.event_reactor:joined thread
[41.470s] INFO:colcon.colcon_core.shell:Creating prefix script '/home/youssef_negm_24/Desktop/ELSA2/ws/install/local_setup.ps1'
[41.471s] INFO:colcon.colcon_core.shell:Creating prefix util module '/home/youssef_negm_24/Desktop/ELSA2/ws/install/_local_setup_util_ps1.py'
[41.473s] INFO:colcon.colcon_core.shell:Creating prefix chain script '/home/youssef_negm_24/Desktop/ELSA2/ws/install/setup.ps1'
[41.475s] INFO:colcon.colcon_core.shell:Creating prefix script '/home/youssef_negm_24/Desktop/ELSA2/ws/install/local_setup.sh'
[41.475s] INFO:colcon.colcon_core.shell:Creating prefix util module '/home/youssef_negm_24/Desktop/ELSA2/ws/install/_local_setup_util_sh.py'
[41.476s] INFO:colcon.colcon_core.shell:Creating prefix chain script '/home/youssef_negm_24/Desktop/ELSA2/ws/install/setup.sh'
[41.477s] INFO:colcon.colcon_core.shell:Creating prefix script '/home/youssef_negm_24/Desktop/ELSA2/ws/install/local_setup.bash'
[41.477s] INFO:colcon.colcon_core.shell:Creating prefix chain script '/home/youssef_negm_24/Desktop/ELSA2/ws/install/setup.bash'
[41.479s] INFO:colcon.colcon_core.shell:Creating prefix script '/home/youssef_negm_24/Desktop/ELSA2/ws/install/local_setup.zsh'
[41.479s] INFO:colcon.colcon_core.shell:Creating prefix chain script '/home/youssef_negm_24/Desktop/ELSA2/ws/install/setup.zsh'
