[0.169s] DEBUG:colcon:Command line arguments: ['/usr/bin/colcon', 'build', '--packages-select', 'campus_vision']
[0.169s] DEBUG:colcon:Parsed command line arguments: Namespace(log_base=None, log_level=None, verb_name='build', build_base='build', install_base='install', merge_install=False, symlink_install=False, test_result_base=None, continue_on_error=False, executor='parallel', parallel_workers=8, event_handlers=None, ignore_user_meta=False, metas=['./colcon.meta'], base_paths=['.'], packages_ignore=None, packages_ignore_regex=None, paths=None, packages_up_to=None, packages_up_to_regex=None, packages_above=None, packages_above_and_dependencies=None, packages_above_depth=None, packages_select_by_dep=None, packages_skip_by_dep=None, packages_skip_up_to=None, packages_select_build_failed=False, packages_skip_build_finished=False, packages_select_test_failures=False, packages_skip_test_passed=False, packages_select=['campus_vision'], packages_skip=None, packages_select_regex=None, packages_skip_regex=None, packages_start=None, packages_end=None, allow_overriding=[], cmake_args=None, cmake_target=None, cmake_target_skip_unavailable=False, cmake_clean_cache=False, cmake_clean_first=False, cmake_force_configure=False, ament_cmake_args=None, catkin_cmake_args=None, catkin_skip_building_tests=False, mixin_files=None, mixin=None, verb_parser=<colcon_mixin.mixin.mixin_argument.MixinArgumentDecorator object at 0x7986c95b5430>, verb_extension=<colcon_core.verb.build.BuildVerb object at 0x7986c95b5010>, main=<bound method BuildVerb.main of <colcon_core.verb.build.BuildVerb object at 0x7986c95b5010>>, mixin_verb=('build',))
[0.210s] Level 1:colcon.colcon_core.package_discovery:discover_packages(colcon_meta) check parameters
[0.211s] Level 1:colcon.colcon_core.package_discovery:discover_packages(recursive) check parameters
[0.211s] Level 1:colcon.colcon_core.package_discovery:discover_packages(ignore) check parameters
[0.211s] Level 1:colcon.colcon_core.package_discovery:discover_packages(path) check parameters
[0.211s] Level 1:colcon.colcon_core.package_discovery:discover_packages(colcon_meta) discover
[0.211s] Level 1:colcon.colcon_core.package_discovery:discover_packages(recursive) discover
[0.211s] INFO:colcon.colcon_core.package_discovery:Crawling recursively for packages in '/home/youssef_negm_24/Desktop/ELSA2/ws'
[0.211s] Level 1:colcon.colcon_core.package_identification:_identify(.) by extensions ['ignore', 'ignore_ament_install']
[0.211s] Level 1:colcon.colcon_core.package_identification:_identify(.) by extension 'ignore'
[0.211s] Level 1:colcon.colcon_core.package_identification:_identify(.) by extension 'ignore_ament_install'
[0.211s] Level 1:colcon.colcon_core.package_identification:_identify(.) by extensions ['colcon_pkg']
[0.211s] Level 1:colcon.colcon_core.package_identification:_identify(.) by extension 'colcon_pkg'
[0.211s] Level 1:colcon.colcon_core.package_identification:_identify(.) by extensions ['colcon_meta']
[0.211s] Level 1:colcon.colcon_core.package_identification:_identify(.) by extension 'colcon_meta'
[0.211s] Level 1:colcon.colcon_core.package_identification:_identify(.) by extensions ['ros']
[0.211s] Level 1:colcon.colcon_core.package_identification:_identify(.) by extension 'ros'
[0.239s] Level 1:colcon.colcon_core.package_identification:_identify(.) by extensions ['cmake', 'python']
[0.239s] Level 1:colcon.colcon_core.package_identification:_identify(.) by extension 'cmake'
[0.239s] Level 1:colcon.colcon_core.package_identification:_identify(.) by extension 'python'
[0.239s] Level 1:colcon.colcon_core.package_identification:_identify(.) by extensions ['python_setup_py']
[0.239s] Level 1:colcon.colcon_core.package_identification:_identify(.) by extension 'python_setup_py'
[0.239s] Level 1:colcon.colcon_core.package_identification:_identify(build) by extensions ['ignore', 'ignore_ament_install']
[0.240s] Level 1:colcon.colcon_core.package_identification:_identify(build) by extension 'ignore'
[0.240s] Level 1:colcon.colcon_core.package_identification:_identify(build) ignored
[0.240s] Level 1:colcon.colcon_core.package_identification:_identify(install) by extensions ['ignore', 'ignore_ament_install']
[0.240s] Level 1:colcon.colcon_core.package_identification:_identify(install) by extension 'ignore'
[0.240s] Level 1:colcon.colcon_core.package_identification:_identify(install) ignored
[0.240s] Level 1:colcon.colcon_core.package_identification:_identify(log) by extensions ['ignore', 'ignore_ament_install']
[0.240s] Level 1:colcon.colcon_core.package_identification:_identify(log) by extension 'ignore'
[0.240s] Level 1:colcon.colcon_core.package_identification:_identify(log) ignored
[0.240s] Level 1:colcon.colcon_core.package_identification:_identify(src) by extensions ['ignore', 'ignore_ament_install']
[0.240s] Level 1:colcon.colcon_core.package_identification:_identify(src) by extension 'ignore'
[0.240s] Level 1:colcon.colcon_core.package_identification:_identify(src) by extension 'ignore_ament_install'
[0.240s] Level 1:colcon.colcon_core.package_identification:_identify(src) by extensions ['colcon_pkg']
[0.241s] Level 1:colcon.colcon_core.package_identification:_identify(src) by extension 'colcon_pkg'
[0.241s] Level 1:colcon.colcon_core.package_identification:_identify(src) by extensions ['colcon_meta']
[0.241s] Level 1:colcon.colcon_core.package_identification:_identify(src) by extension 'colcon_meta'
[0.241s] Level 1:colcon.colcon_core.package_identification:_identify(src) by extensions ['ros']
[0.241s] Level 1:colcon.colcon_core.package_identification:_identify(src) by extension 'ros'
[0.241s] Level 1:colcon.colcon_core.package_identification:_identify(src) by extensions ['cmake', 'python']
[0.241s] Level 1:colcon.colcon_core.package_identification:_identify(src) by extension 'cmake'
[0.241s] Level 1:colcon.colcon_core.package_identification:_identify(src) by extension 'python'
[0.241s] Level 1:colcon.colcon_core.package_identification:_identify(src) by extensions ['python_setup_py']
[0.241s] Level 1:colcon.colcon_core.package_identification:_identify(src) by extension 'python_setup_py'
[0.241s] Level 1:colcon.colcon_core.package_identification:_identify(src/campus_vision) by extensions ['ignore', 'ignore_ament_install']
[0.241s] Level 1:colcon.colcon_core.package_identification:_identify(src/campus_vision) by extension 'ignore'
[0.241s] Level 1:colcon.colcon_core.package_identification:_identify(src/campus_vision) by extension 'ignore_ament_install'
[0.241s] Level 1:colcon.colcon_core.package_identification:_identify(src/campus_vision) by extensions ['colcon_pkg']
[0.241s] Level 1:colcon.colcon_core.package_identification:_identify(src/campus_vision) by extension 'colcon_pkg'
[0.241s] Level 1:colcon.colcon_core.package_identification:_identify(src/campus_vision) by extensions ['colcon_meta']
[0.241s] Level 1:colcon.colcon_core.package_identification:_identify(src/campus_vision) by extension 'colcon_meta'
[0.241s] Level 1:colcon.colcon_core.package_identification:_identify(src/campus_vision) by extensions ['ros']
[0.241s] Level 1:colcon.colcon_core.package_identification:_identify(src/campus_vision) by extension 'ros'
[0.244s] DEBUG:colcon.colcon_core.package_identification:Package 'src/campus_vision' with type 'ros.ament_python' and name 'campus_vision'
[0.244s] Level 1:colcon.colcon_core.package_identification:_identify(src/micro-ros-agent) by extensions ['ignore', 'ignore_ament_install']
[0.244s] Level 1:colcon.colcon_core.package_identification:_identify(src/micro-ros-agent) by extension 'ignore'
[0.244s] Level 1:colcon.colcon_core.package_identification:_identify(src/micro-ros-agent) by extension 'ignore_ament_install'
[0.244s] Level 1:colcon.colcon_core.package_identification:_identify(src/micro-ros-agent) by extensions ['colcon_pkg']
[0.244s] Level 1:colcon.colcon_core.package_identification:_identify(src/micro-ros-agent) by extension 'colcon_pkg'
[0.244s] Level 1:colcon.colcon_core.package_identification:_identify(src/micro-ros-agent) by extensions ['colcon_meta']
[0.244s] Level 1:colcon.colcon_core.package_identification:_identify(src/micro-ros-agent) by extension 'colcon_meta'
[0.245s] Level 1:colcon.colcon_core.package_identification:_identify(src/micro-ros-agent) by extensions ['ros']
[0.245s] Level 1:colcon.colcon_core.package_identification:_identify(src/micro-ros-agent) by extension 'ros'
[0.245s] Level 1:colcon.colcon_core.package_identification:_identify(src/micro-ros-agent) by extensions ['cmake', 'python']
[0.245s] Level 1:colcon.colcon_core.package_identification:_identify(src/micro-ros-agent) by extension 'cmake'
[0.245s] Level 1:colcon.colcon_core.package_identification:_identify(src/micro-ros-agent) by extension 'python'
[0.245s] Level 1:colcon.colcon_core.package_identification:_identify(src/micro-ros-agent) by extensions ['python_setup_py']
[0.245s] Level 1:colcon.colcon_core.package_identification:_identify(src/micro-ros-agent) by extension 'python_setup_py'
[0.245s] Level 1:colcon.colcon_core.package_identification:_identify(src/micro-ros-agent/micro_ros_agent) by extensions ['ignore', 'ignore_ament_install']
[0.245s] Level 1:colcon.colcon_core.package_identification:_identify(src/micro-ros-agent/micro_ros_agent) by extension 'ignore'
[0.245s] Level 1:colcon.colcon_core.package_identification:_identify(src/micro-ros-agent/micro_ros_agent) by extension 'ignore_ament_install'
[0.245s] Level 1:colcon.colcon_core.package_identification:_identify(src/micro-ros-agent/micro_ros_agent) by extensions ['colcon_pkg']
[0.245s] Level 1:colcon.colcon_core.package_identification:_identify(src/micro-ros-agent/micro_ros_agent) by extension 'colcon_pkg'
[0.245s] Level 1:colcon.colcon_core.package_identification:_identify(src/micro-ros-agent/micro_ros_agent) by extensions ['colcon_meta']
[0.245s] Level 1:colcon.colcon_core.package_identification:_identify(src/micro-ros-agent/micro_ros_agent) by extension 'colcon_meta'
[0.245s] Level 1:colcon.colcon_core.package_identification:_identify(src/micro-ros-agent/micro_ros_agent) by extensions ['ros']
[0.245s] Level 1:colcon.colcon_core.package_identification:_identify(src/micro-ros-agent/micro_ros_agent) by extension 'ros'
[0.246s] DEBUG:colcon.colcon_core.package_identification:Package 'src/micro-ros-agent/micro_ros_agent' with type 'ros.ament_cmake' and name 'micro_ros_agent'
[0.246s] Level 1:colcon.colcon_core.package_identification:_identify(src/micro-ros-agent/snap) by extensions ['ignore', 'ignore_ament_install']
[0.246s] Level 1:colcon.colcon_core.package_identification:_identify(src/micro-ros-agent/snap) by extension 'ignore'
[0.246s] Level 1:colcon.colcon_core.package_identification:_identify(src/micro-ros-agent/snap) by extension 'ignore_ament_install'
[0.246s] Level 1:colcon.colcon_core.package_identification:_identify(src/micro-ros-agent/snap) by extensions ['colcon_pkg']
[0.246s] Level 1:colcon.colcon_core.package_identification:_identify(src/micro-ros-agent/snap) by extension 'colcon_pkg'
[0.247s] Level 1:colcon.colcon_core.package_identification:_identify(src/micro-ros-agent/snap) by extensions ['colcon_meta']
[0.247s] Level 1:colcon.colcon_core.package_identification:_identify(src/micro-ros-agent/snap) by extension 'colcon_meta'
[0.247s] Level 1:colcon.colcon_core.package_identification:_identify(src/micro-ros-agent/snap) by extensions ['ros']
[0.247s] Level 1:colcon.colcon_core.package_identification:_identify(src/micro-ros-agent/snap) by extension 'ros'
[0.247s] Level 1:colcon.colcon_core.package_identification:_identify(src/micro-ros-agent/snap) by extensions ['cmake', 'python']
[0.247s] Level 1:colcon.colcon_core.package_identification:_identify(src/micro-ros-agent/snap) by extension 'cmake'
[0.247s] Level 1:colcon.colcon_core.package_identification:_identify(src/micro-ros-agent/snap) by extension 'python'
[0.247s] Level 1:colcon.colcon_core.package_identification:_identify(src/micro-ros-agent/snap) by extensions ['python_setup_py']
[0.247s] Level 1:colcon.colcon_core.package_identification:_identify(src/micro-ros-agent/snap) by extension 'python_setup_py'
[0.247s] Level 1:colcon.colcon_core.package_identification:_identify(src/micro-ros-agent/snap/hooks) by extensions ['ignore', 'ignore_ament_install']
[0.247s] Level 1:colcon.colcon_core.package_identification:_identify(src/micro-ros-agent/snap/hooks) by extension 'ignore'
[0.247s] Level 1:colcon.colcon_core.package_identification:_identify(src/micro-ros-agent/snap/hooks) by extension 'ignore_ament_install'
[0.247s] Level 1:colcon.colcon_core.package_identification:_identify(src/micro-ros-agent/snap/hooks) by extensions ['colcon_pkg']
[0.247s] Level 1:colcon.colcon_core.package_identification:_identify(src/micro-ros-agent/snap/hooks) by extension 'colcon_pkg'
[0.247s] Level 1:colcon.colcon_core.package_identification:_identify(src/micro-ros-agent/snap/hooks) by extensions ['colcon_meta']
[0.247s] Level 1:colcon.colcon_core.package_identification:_identify(src/micro-ros-agent/snap/hooks) by extension 'colcon_meta'
[0.247s] Level 1:colcon.colcon_core.package_identification:_identify(src/micro-ros-agent/snap/hooks) by extensions ['ros']
[0.247s] Level 1:colcon.colcon_core.package_identification:_identify(src/micro-ros-agent/snap/hooks) by extension 'ros'
[0.248s] Level 1:colcon.colcon_core.package_identification:_identify(src/micro-ros-agent/snap/hooks) by extensions ['cmake', 'python']
[0.248s] Level 1:colcon.colcon_core.package_identification:_identify(src/micro-ros-agent/snap/hooks) by extension 'cmake'
[0.248s] Level 1:colcon.colcon_core.package_identification:_identify(src/micro-ros-agent/snap/hooks) by extension 'python'
[0.248s] Level 1:colcon.colcon_core.package_identification:_identify(src/micro-ros-agent/snap/hooks) by extensions ['python_setup_py']
[0.248s] Level 1:colcon.colcon_core.package_identification:_identify(src/micro-ros-agent/snap/hooks) by extension 'python_setup_py'
[0.248s] Level 1:colcon.colcon_core.package_identification:_identify(src/micro-ros-agent/snap/local) by extensions ['ignore', 'ignore_ament_install']
[0.248s] Level 1:colcon.colcon_core.package_identification:_identify(src/micro-ros-agent/snap/local) by extension 'ignore'
[0.248s] Level 1:colcon.colcon_core.package_identification:_identify(src/micro-ros-agent/snap/local) by extension 'ignore_ament_install'
[0.248s] Level 1:colcon.colcon_core.package_identification:_identify(src/micro-ros-agent/snap/local) by extensions ['colcon_pkg']
[0.248s] Level 1:colcon.colcon_core.package_identification:_identify(src/micro-ros-agent/snap/local) by extension 'colcon_pkg'
[0.248s] Level 1:colcon.colcon_core.package_identification:_identify(src/micro-ros-agent/snap/local) by extensions ['colcon_meta']
[0.248s] Level 1:colcon.colcon_core.package_identification:_identify(src/micro-ros-agent/snap/local) by extension 'colcon_meta'
[0.248s] Level 1:colcon.colcon_core.package_identification:_identify(src/micro-ros-agent/snap/local) by extensions ['ros']
[0.248s] Level 1:colcon.colcon_core.package_identification:_identify(src/micro-ros-agent/snap/local) by extension 'ros'
[0.248s] Level 1:colcon.colcon_core.package_identification:_identify(src/micro-ros-agent/snap/local) by extensions ['cmake', 'python']
[0.248s] Level 1:colcon.colcon_core.package_identification:_identify(src/micro-ros-agent/snap/local) by extension 'cmake'
[0.248s] Level 1:colcon.colcon_core.package_identification:_identify(src/micro-ros-agent/snap/local) by extension 'python'
[0.249s] Level 1:colcon.colcon_core.package_identification:_identify(src/micro-ros-agent/snap/local) by extensions ['python_setup_py']
[0.249s] Level 1:colcon.colcon_core.package_identification:_identify(src/micro-ros-agent/snap/local) by extension 'python_setup_py'
[0.249s] Level 1:colcon.colcon_core.package_discovery:discover_packages(recursive) using defaults
[0.249s] Level 1:colcon.colcon_core.package_discovery:discover_packages(ignore) discover
[0.249s] Level 1:colcon.colcon_core.package_discovery:discover_packages(ignore) using defaults
[0.249s] Level 1:colcon.colcon_core.package_discovery:discover_packages(path) discover
[0.249s] Level 1:colcon.colcon_core.package_discovery:discover_packages(path) using defaults
[0.269s] INFO:colcon.colcon_core.package_selection:Skipping not selected package 'micro_ros_agent' in 'src/micro-ros-agent/micro_ros_agent'
[0.269s] Level 1:colcon.colcon_core.package_discovery:discover_packages(prefix_path) check parameters
[0.269s] Level 1:colcon.colcon_core.package_discovery:discover_packages(prefix_path) discover
[0.272s] DEBUG:colcon.colcon_installed_package_information.package_discovery:Found 1 installed packages in /home/youssef_negm_24/Desktop/ELSA2/ws/install
[0.272s] DEBUG:colcon.colcon_installed_package_information.package_discovery:Found 1 installed packages in /home/youssef_negm_24/Desktop/ELSA/ws/install
[0.276s] DEBUG:colcon.colcon_installed_package_information.package_discovery:Found 501 installed packages in /opt/ros/jazzy
[0.278s] Level 1:colcon.colcon_core.package_discovery:discover_packages(prefix_path) using defaults
[0.414s] Level 5:colcon.colcon_core.verb:set package 'campus_vision' build argument 'cmake_args' from command line to 'None'
[0.414s] Level 5:colcon.colcon_core.verb:set package 'campus_vision' build argument 'cmake_target' from command line to 'None'
[0.414s] Level 5:colcon.colcon_core.verb:set package 'campus_vision' build argument 'cmake_target_skip_unavailable' from command line to 'False'
[0.414s] Level 5:colcon.colcon_core.verb:set package 'campus_vision' build argument 'cmake_clean_cache' from command line to 'False'
[0.415s] Level 5:colcon.colcon_core.verb:set package 'campus_vision' build argument 'cmake_clean_first' from command line to 'False'
[0.415s] Level 5:colcon.colcon_core.verb:set package 'campus_vision' build argument 'cmake_force_configure' from command line to 'False'
[0.415s] Level 5:colcon.colcon_core.verb:set package 'campus_vision' build argument 'ament_cmake_args' from command line to 'None'
[0.415s] Level 5:colcon.colcon_core.verb:set package 'campus_vision' build argument 'catkin_cmake_args' from command line to 'None'
[0.415s] Level 5:colcon.colcon_core.verb:set package 'campus_vision' build argument 'catkin_skip_building_tests' from command line to 'False'
[0.415s] DEBUG:colcon.colcon_core.verb:Building package 'campus_vision' with the following arguments: {'ament_cmake_args': None, 'build_base': '/home/youssef_negm_24/Desktop/ELSA2/ws/build/campus_vision', 'catkin_cmake_args': None, 'catkin_skip_building_tests': False, 'cmake_args': None, 'cmake_clean_cache': False, 'cmake_clean_first': False, 'cmake_force_configure': False, 'cmake_target': None, 'cmake_target_skip_unavailable': False, 'install_base': '/home/youssef_negm_24/Desktop/ELSA2/ws/install/campus_vision', 'merge_install': False, 'path': '/home/youssef_negm_24/Desktop/ELSA2/ws/src/campus_vision', 'symlink_install': False, 'test_result_base': None}
[0.415s] INFO:colcon.colcon_core.executor:Executing jobs using 'parallel' executor
[0.416s] DEBUG:colcon.colcon_parallel_executor.executor.parallel:run_until_complete
[0.417s] INFO:colcon.colcon_ros.task.ament_python.build:Building ROS package in '/home/youssef_negm_24/Desktop/ELSA2/ws/src/campus_vision' with build type 'ament_python'
[0.417s] Level 1:colcon.colcon_core.shell:create_environment_hook('campus_vision', 'ament_prefix_path')
[0.420s] INFO:colcon.colcon_core.plugin_system:Skipping extension 'colcon_core.shell.bat': Not used on non-Windows systems
[0.420s] INFO:colcon.colcon_core.shell:Creating environment hook '/home/youssef_negm_24/Desktop/ELSA2/ws/install/campus_vision/share/campus_vision/hook/ament_prefix_path.ps1'
[0.421s] INFO:colcon.colcon_core.shell:Creating environment descriptor '/home/youssef_negm_24/Desktop/ELSA2/ws/install/campus_vision/share/campus_vision/hook/ament_prefix_path.dsv'
[0.422s] INFO:colcon.colcon_core.shell:Creating environment hook '/home/youssef_negm_24/Desktop/ELSA2/ws/install/campus_vision/share/campus_vision/hook/ament_prefix_path.sh'
[0.422s] INFO:colcon.colcon_core.shell:Skip shell extension 'powershell' for command environment: Not usable outside of PowerShell
[0.422s] DEBUG:colcon.colcon_core.shell:Skip shell extension 'dsv' for command environment
[0.765s] DEBUG:colcon.colcon_parallel_executor.executor.parallel:closing loop
[0.765s] DEBUG:colcon.colcon_parallel_executor.executor.parallel:loop closed
[0.766s] DEBUG:colcon.colcon_parallel_executor.executor.parallel:run_until_complete finished with 'Command '['/usr/bin/python3', '-c', 'import sys;from contextlib import suppress;exec("with suppress(ImportError):    from setuptools.extern.packaging.specifiers    import SpecifierSet");exec("with suppress(ImportError):    from packaging.specifiers import SpecifierSet");from distutils.core import run_setup;dist = run_setup(    \'setup.py\', script_args=(\'--dry-run\',), stop_after=\'config\');skip_keys = (\'cmdclass\', \'distclass\', \'ext_modules\', \'metadata\');data = {    key: value for key, value in dist.__dict__.items()     if (        not key.startswith(\'_\') and         not callable(value) and         key not in skip_keys and         key not in dist.display_option_names    )};data[\'metadata\'] = {    k: v for k, v in dist.metadata.__dict__.items()     if k not in (\'license_files\', \'provides_extras\')};sys.stdout.buffer.write(repr(data).encode(\'utf-8\'))']' returned non-zero exit status 1.'
[0.766s] DEBUG:colcon.colcon_core.event_reactor:joining thread
[0.788s] INFO:colcon.colcon_core.plugin_system:Skipping extension 'colcon_notification.desktop_notification.terminal_notifier': Not used on non-Darwin systems
[0.788s] INFO:colcon.colcon_core.plugin_system:Skipping extension 'colcon_notification.desktop_notification.win32': Not used on non-Windows systems
[0.788s] INFO:colcon.colcon_notification.desktop_notification:Sending desktop notification using 'notify2'
[0.815s] DEBUG:colcon.colcon_core.event_reactor:joined thread
[0.816s] INFO:colcon.colcon_core.shell:Creating prefix script '/home/youssef_negm_24/Desktop/ELSA2/ws/install/local_setup.ps1'
[0.818s] INFO:colcon.colcon_core.shell:Creating prefix util module '/home/youssef_negm_24/Desktop/ELSA2/ws/install/_local_setup_util_ps1.py'
[0.821s] INFO:colcon.colcon_core.shell:Creating prefix chain script '/home/youssef_negm_24/Desktop/ELSA2/ws/install/setup.ps1'
[0.824s] INFO:colcon.colcon_core.shell:Creating prefix script '/home/youssef_negm_24/Desktop/ELSA2/ws/install/local_setup.sh'
[0.825s] INFO:colcon.colcon_core.shell:Creating prefix util module '/home/youssef_negm_24/Desktop/ELSA2/ws/install/_local_setup_util_sh.py'
[0.826s] INFO:colcon.colcon_core.shell:Creating prefix chain script '/home/youssef_negm_24/Desktop/ELSA2/ws/install/setup.sh'
[0.829s] INFO:colcon.colcon_core.shell:Creating prefix script '/home/youssef_negm_24/Desktop/ELSA2/ws/install/local_setup.bash'
[0.830s] INFO:colcon.colcon_core.shell:Creating prefix chain script '/home/youssef_negm_24/Desktop/ELSA2/ws/install/setup.bash'
[0.834s] INFO:colcon.colcon_core.shell:Creating prefix script '/home/youssef_negm_24/Desktop/ELSA2/ws/install/local_setup.zsh'
[0.835s] INFO:colcon.colcon_core.shell:Creating prefix chain script '/home/youssef_negm_24/Desktop/ELSA2/ws/install/setup.zsh'
